<?xml version="1.0" encoding="UTF-8"?>
<!-- Generated by org.testng.reporters.JUnitReportReporter -->
<testsuite hostname="mano-PC" failures="0" tests="1" name="slider.slider.slider" time="0.023" errors="0" timestamp="10 Aug 2019 15:43:34 GMT">
  <testcase classname="slider.slider.slider" name="slider1" time="0.023"/>
</testsuite> <!-- slider.slider.slider -->
